<?xml version="1.0" encoding="UTF-8"?>
<robot generator="Robot 7.2.2 (Python 3.13.1 on win32)" generated="2025-04-17T16:20:34.705760" rpa="false" schemaversion="5">
<suite id="s1" name="Task 9" source="C:\Users\Rosa\OneDrive\Tiedostot\Hyte\Diary_app\MyHealth-fe\tests\task_9.robot">
<kw name="Create Session" owner="RequestsLibrary" type="SETUP">
<msg time="2025-04-17T16:20:35.426290" level="INFO">Creating Session using : alias=url, url=http://localhost:3000/api/users, headers={},                     cookies={}, auth=None, timeout=None, proxies=None, verify=False,                     debug=0 </msg>
<arg>url</arg>
<arg>http://localhost:3000/api/users</arg>
<doc>Create Session: create a HTTP session to a server</doc>
<status status="PASS" start="2025-04-17T16:20:35.425855" elapsed="0.000886"/>
</kw>
<test id="s1-t1" name="Post Create User" line="10">
<kw name="Create Dictionary" owner="BuiltIn">
<msg time="2025-04-17T16:20:35.427825" level="INFO">${body} = {'username': 'haista', 'password': 'vittu', 'email': 'pasti@salainen.com'}</msg>
<var>${body}</var>
<arg>username=${Username}</arg>
<arg>password=${Password}</arg>
<arg>email=${email}</arg>
<doc>Creates and returns a dictionary based on the given ``items``.</doc>
<status status="PASS" start="2025-04-17T16:20:35.427460" elapsed="0.000391"/>
</kw>
<kw name="POST" owner="RequestsLibrary">
<msg time="2025-04-17T16:20:37.786539" level="INFO">POST Request : url=http://localhost:3000/api/users 
 path_url=/api/users 
 headers={'User-Agent': 'python-requests/2.32.3', 'Accept-Encoding': 'gzip, deflate', 'Accept': '*/*', 'Connection': 'keep-alive', 'Content-Length': '74', 'Content-Type': 'application/json'} 
 body=b'{"username": "haista", "password": "vittu", "email": "pasti@salainen.com"}' 
 </msg>
<msg time="2025-04-17T16:20:37.786632" level="INFO">POST Response : url=http://localhost:3000/api/users 
 status=201, reason=Created 
 headers={'X-Powered-By': 'Express', 'Access-Control-Allow-Origin': '*', 'Content-Type': 'application/json; charset=utf-8', 'Content-Length': '40', 'ETag': 'W/"28-Dlk9FOTeOtVoECfkVOGUaxv97Ew"', 'Date': 'Thu, 17 Apr 2025 13:20:37 GMT', 'Connection': 'keep-alive', 'Keep-Alive': 'timeout=5'} 
 body={"message":"Database error","error":500} 
 </msg>
<msg time="2025-04-17T16:20:37.786729" level="INFO">${response} = &lt;Response [201]&gt;</msg>
<var>${response}</var>
<arg>url=http://localhost:3000/api/users</arg>
<arg>json=${body}</arg>
<arg>expected_status=anything</arg>
<doc>Sends a POST request.</doc>
<status status="PASS" start="2025-04-17T16:20:35.428111" elapsed="2.358637"/>
</kw>
<kw name="Log" owner="BuiltIn">
<msg time="2025-04-17T16:20:37.787838" level="INFO">{'message': 'Database error', 'error': 500}</msg>
<arg>${response.json()}</arg>
<doc>Logs the given message with the given level.</doc>
<status status="PASS" start="2025-04-17T16:20:37.787268" elapsed="0.000609"/>
</kw>
<kw name="Status Should Be" owner="RequestsLibrary">
<arg>201</arg>
<arg>${response}</arg>
<doc>Fails if response status code is different than the expected.</doc>
<status status="PASS" start="2025-04-17T16:20:37.788049" elapsed="0.000176"/>
</kw>
<status status="PASS" start="2025-04-17T16:20:35.426897" elapsed="2.361503"/>
</test>
<status status="PASS" start="2025-04-17T16:20:34.707076" elapsed="3.081845"/>
</suite>
<statistics>
<total>
<stat pass="1" fail="0" skip="0">All Tests</stat>
</total>
<tag>
</tag>
<suite>
<stat name="Task 9" id="s1" pass="1" fail="0" skip="0">Task 9</stat>
</suite>
</statistics>
<errors>
</errors>
</robot>
